Arguments: 
  C:\Program Files\nodejs\node.exe C:\Program Files (x86)\Yarn\bin\yarn.js add Moment

PATH: 
  C:\ProgramData\Oracle\Java\javapath;C:\Program Files (x86)\NVIDIA Corporation\PhysX\Common;C:\WINDOWS\system32;C:\WINDOWS;C:\WINDOWS\System32\Wbem;C:\WINDOWS\System32\WindowsPowerShell\v1.0\;C:\Program Files (x86)\AMD\ATI.ACE\Core-Static;C:\Program Files (x86)\ATI Technologies\ATI.ACE\Core-Static;C:\Program Files\PuTTY\;C:\WINDOWS\System32\OpenSSH\;C:\Program Files\dotnet\;C:\Program Files\Microsoft SQL Server\130\Tools\Binn\;C:\Program Files\nodejs\;C:\Program Files (x86)\Yarn\bin\;C:\Users\Jesse\Anaconda3;C:\Users\Jesse\Anaconda3\Library\mingw-w64\bin;C:\Users\Jesse\Anaconda3\Library\usr\bin;C:\Users\Jesse\Anaconda3\Library\bin;C:\Users\Jesse\Anaconda3\Scripts;C:\Users\Jesse\AppData\Local\Microsoft\WindowsApps;C:\Users\Jesse\AppData\Local\Programs\Microsoft VS Code\bin;C:\Users\Jesse\AppData\Roaming\npm;C:\Users\Jesse\AppData\Local\Yarn\bin;C:\Users\Jesse\AppData\Local\GitHubDesktop\bin;C:\Users\apatil\AppData\Local\Android\Sdk\platform-tools\adb.exe

Yarn version: 
  1.17.3

Node version: 
  10.16.0

Platform: 
  win32 x64

Trace: 
  Error: https://registry.yarnpkg.com/Moment: Not found
      at Request.params.callback [as _callback] (C:\Program Files (x86)\Yarn\lib\cli.js:65939:18)
      at Request.self.callback (C:\Program Files (x86)\Yarn\lib\cli.js:140464:22)
      at Request.emit (events.js:198:13)
      at Request.<anonymous> (C:\Program Files (x86)\Yarn\lib\cli.js:141436:10)
      at Request.emit (events.js:198:13)
      at IncomingMessage.<anonymous> (C:\Program Files (x86)\Yarn\lib\cli.js:141358:12)
      at Object.onceWrapper (events.js:286:20)
      at IncomingMessage.emit (events.js:203:15)
      at endReadableNT (_stream_readable.js:1129:12)
      at process._tickCallback (internal/process/next_tick.js:63:19)

npm manifest: 
  {
    "name": "kitten-tricks",
    "version": "2.0.1",
    "private": true,
    "license": "MIT",
    "author": "akveo <contact@akveo.com>",
    "repository": "git+https://github.com/akveo/kittenTricks.git",
    "bugs": {
      "url": "https://github.com/akveo/kittenTricks/issues"
    },
    "main": "node_modules/expo/AppEntry.js",
    "scripts": {
      "start": "expo start -c",
      "start:dev": "npm run env:set -- dev && npm start -- -c",
      "start:prod": "npm run env:set -- prod && npm start -- -c",
      "env:set": "./scripts/environment/set-env.sh",
      "build": "tsc -p ./tsconfig.json",
      "clean": "rimraf ./dist",
      "lint": "tslint -p ./tsconfig.json",
      "lint:fix": "npm run lint -- --fix",
      "ci:install": "npm ci",
      "ci:lint": "npm run lint",
      "ci:build": "npm run env:set -- prod && npm run build",
      "conventional-changelog": "conventional-changelog",
      "version:changelog": "npm run conventional-changelog -- -i ./CHANGELOG.md -s"
    },
    "dependencies": {
      "@eva-design/eva": "^1.2.0",
      "@ui-kitten/eva-icons": "^4.2.0",
      "expo": "^35.0.0",
      "expo-analytics": "^1.0.11",
      "expo-camera": "^7.0.0",
      "expo-constants": "^7.0.0",
      "expo-media-library": "^7.0.0",
      "expo-permissions": "^7.0.0",
      "native-base": "^2.13.8",
      "react": "^16.8.6",
      "react-native": "https://github.com/expo/react-native/archive/sdk-35.0.0.tar.gz",
      "react-native-gesture-handler": "^1.3.0",
      "react-native-keyboard-aware-scroll-view": "^0.8.0",
      "react-native-reanimated": "^1.2.0",
      "react-native-screens": "^1.0.0-alpha.23",
      "react-native-svg": "^9.9.4",
      "react-native-tab-view": "^2.10.0",
      "react-native-ui-kitten": "^4.2.0",
      "react-navigation": "^4.0.10",
      "react-navigation-stack": "^1.9.4",
      "react-navigation-tabs": "^2.5.6"
    },
    "devDependencies": {
      "@babel/core": "^7.6.0",
      "@babel/runtime": "^7.6.0",
      "@types/react": "^16.9.2",
      "@types/react-native": "^0.60.15",
      "@types/react-navigation": "^3.0.8",
      "babel-core": "^7.0.0-bridge.0",
      "babel-plugin-module-resolver": "^3.2.0",
      "conventional-changelog-cli": "^2.0.21",
      "husky": "^1.1.2",
      "rimraf": "^2.6.2",
      "scheduler": "^0.16.2",
      "tslint": "^5.12.1",
      "typescript": "^3.6.3"
    }
  }

yarn manifest: 
  No manifest

Lockfile: 
  No lockfile
